<?xml version="1.0" encoding="UTF-8"?>
<!-- Generated by org.testng.reporters.JUnitXMLReporter -->
<testsuite hostname="DESKTOP-C15L1DP" ignored="0" name="Test" tests="1" failures="1" timestamp="2020-04-17T11:16:57 PDT" time="95.103" errors="0">
  <testcase name="addtocart" time="94.855" classname="com.case10.dirtyunicorn.AddtoCart">
    <failure type="java.lang.AssertionError" message="expected [true] but found [false]">
      <![CDATA[java.lang.AssertionError: expected [true] but found [false]
at com.case10.dirtyunicorn.Login.case10login(Login.java:46)
at com.case10.dirtyunicorn.AddtoCart.addtocart(AddtoCart.java:28)
at java.util.ArrayList.forEach(ArrayList.java:1257)
... Removed 31 stack frames]]>
    </failure>
  </testcase> <!-- addtocart -->
</testsuite> <!-- Test -->
