<?xml version="1.0" encoding="UTF-8"?>
<testng-results skipped="0" failed="0" ignored="0" total="1" passed="1">
  <reporter-output>
  </reporter-output>
  <suite name="Surefire suite" duration-ms="109" started-at="2020-03-27T06:26:54 PDT" finished-at="2020-03-27T06:26:54 PDT">
    <groups>
    </groups>
    <test name="Surefire test" duration-ms="109" started-at="2020-03-27T06:26:54 PDT" finished-at="2020-03-27T06:26:54 PDT">
      <class name="com.case10.dirtyunicorn.AppTest">
        <test-method status="PASS" signature="shouldAnswerWithTrue()" name="shouldAnswerWithTrue" duration-ms="11" started-at="2020-03-27T06:26:54 PDT" finished-at="2020-03-27T06:26:54 PDT">
          <reporter-output>
          </reporter-output>
        </test-method> <!-- shouldAnswerWithTrue -->
      </class> <!-- com.case10.dirtyunicorn.AppTest -->
    </test> <!-- Surefire test -->
  </suite> <!-- Surefire suite -->
</testng-results>
